This is pdfTeX, Version 3.14159265-2.6-1.40.19 (TeX Live 2018) (preloaded format=pdflatex 2018.4.16)  23 AUG 2021 19:19
entering extended mode
 restricted \write18 enabled.
 %&-line parsing enabled.
**/Users/vincentdandenault/Documents/Sainte-Justine/GitHubProjects/Covid19-mode
l/SIRModel/Equations.tex

(/Users/vincentdandenault/Documents/Sainte-Justine/GitHubProjects/Covid19-model
/SIRModel/Equations.tex
LaTeX2e <2018-04-01> patch level 2
Babel <3.18> and hyphenation patterns for 84 language(s) loaded.
(/usr/local/texlive/2018/texmf-dist/tex/latex/base/article.cls
Document Class: article 2014/09/29 v1.4h Standard LaTeX document class
(/usr/local/texlive/2018/texmf-dist/tex/latex/base/size10.clo
File: size10.clo 2014/09/29 v1.4h Standard LaTeX file (size option)
)
\c@part=\count80
\c@section=\count81
\c@subsection=\count82
\c@subsubsection=\count83
\c@paragraph=\count84
\c@subparagraph=\count85
\c@figure=\count86
\c@table=\count87
\abovecaptionskip=\skip41
\belowcaptionskip=\skip42
\bibindent=\dimen102
)
(/usr/local/texlive/2018/texmf-dist/tex/latex/base/fontenc.sty
Package: fontenc 2017/04/05 v2.0i Standard LaTeX package

(/usr/local/texlive/2018/texmf-dist/tex/latex/base/t1enc.def
File: t1enc.def 2017/04/05 v2.0i Standard LaTeX file
LaTeX Font Info:    Redeclaring font encoding T1 on input line 48.
))
(/usr/local/texlive/2018/texmf-dist/tex/latex/base/inputenc.sty
Package: inputenc 2018/04/06 v1.3b Input encoding file
\inpenc@prehook=\toks14
\inpenc@posthook=\toks15
)
(/usr/local/texlive/2018/texmf-dist/tex/latex/lm/lmodern.sty
Package: lmodern 2009/10/30 v1.6 Latin Modern Fonts
LaTeX Font Info:    Overwriting symbol font `operators' in version `normal'
(Font)                  OT1/cmr/m/n --> OT1/lmr/m/n on input line 22.
LaTeX Font Info:    Overwriting symbol font `letters' in version `normal'
(Font)                  OML/cmm/m/it --> OML/lmm/m/it on input line 23.
LaTeX Font Info:    Overwriting symbol font `symbols' in version `normal'
(Font)                  OMS/cmsy/m/n --> OMS/lmsy/m/n on input line 24.
LaTeX Font Info:    Overwriting symbol font `largesymbols' in version `normal'
(Font)                  OMX/cmex/m/n --> OMX/lmex/m/n on input line 25.
LaTeX Font Info:    Overwriting symbol font `operators' in version `bold'
(Font)                  OT1/cmr/bx/n --> OT1/lmr/bx/n on input line 26.
LaTeX Font Info:    Overwriting symbol font `letters' in version `bold'
(Font)                  OML/cmm/b/it --> OML/lmm/b/it on input line 27.
LaTeX Font Info:    Overwriting symbol font `symbols' in version `bold'
(Font)                  OMS/cmsy/b/n --> OMS/lmsy/b/n on input line 28.
LaTeX Font Info:    Overwriting symbol font `largesymbols' in version `bold'
(Font)                  OMX/cmex/m/n --> OMX/lmex/m/n on input line 29.
LaTeX Font Info:    Overwriting math alphabet `\mathbf' in version `normal'
(Font)                  OT1/cmr/bx/n --> OT1/lmr/bx/n on input line 31.
LaTeX Font Info:    Overwriting math alphabet `\mathsf' in version `normal'
(Font)                  OT1/cmss/m/n --> OT1/lmss/m/n on input line 32.
LaTeX Font Info:    Overwriting math alphabet `\mathit' in version `normal'
(Font)                  OT1/cmr/m/it --> OT1/lmr/m/it on input line 33.
LaTeX Font Info:    Overwriting math alphabet `\mathtt' in version `normal'
(Font)                  OT1/cmtt/m/n --> OT1/lmtt/m/n on input line 34.
LaTeX Font Info:    Overwriting math alphabet `\mathbf' in version `bold'
(Font)                  OT1/cmr/bx/n --> OT1/lmr/bx/n on input line 35.
LaTeX Font Info:    Overwriting math alphabet `\mathsf' in version `bold'
(Font)                  OT1/cmss/bx/n --> OT1/lmss/bx/n on input line 36.
LaTeX Font Info:    Overwriting math alphabet `\mathit' in version `bold'
(Font)                  OT1/cmr/bx/it --> OT1/lmr/bx/it on input line 37.
LaTeX Font Info:    Overwriting math alphabet `\mathtt' in version `bold'
(Font)                  OT1/cmtt/m/n --> OT1/lmtt/m/n on input line 38.
)
(/usr/local/texlive/2018/texmf-dist/tex/latex/base/textcomp.sty
Package: textcomp 2017/04/05 v2.0i Standard LaTeX package
Package textcomp Info: Sub-encoding information:
(textcomp)               5 = only ISO-Adobe without \textcurrency
(textcomp)               4 = 5 + \texteuro
(textcomp)               3 = 4 + \textohm
(textcomp)               2 = 3 + \textestimated + \textcurrency
(textcomp)               1 = TS1 - \textcircled - \t
(textcomp)               0 = TS1 (full)
(textcomp)             Font families with sub-encoding setting implement
(textcomp)             only a restricted character set as indicated.
(textcomp)             Family '?' is the default used for unknown fonts.
(textcomp)             See the documentation for details.
Package textcomp Info: Setting ? sub-encoding to TS1/1 on input line 79.

(/usr/local/texlive/2018/texmf-dist/tex/latex/base/ts1enc.def
File: ts1enc.def 2001/06/05 v3.0e (jk/car/fm) Standard LaTeX file
Now handling font encoding TS1 ...
... processing UTF-8 mapping file for font encoding TS1

(/usr/local/texlive/2018/texmf-dist/tex/latex/base/ts1enc.dfu
File: ts1enc.dfu 2018/04/05 v1.2c UTF-8 support for inputenc
   defining Unicode char U+00A2 (decimal 162)
   defining Unicode char U+00A3 (decimal 163)
   defining Unicode char U+00A4 (decimal 164)
   defining Unicode char U+00A5 (decimal 165)
   defining Unicode char U+00A6 (decimal 166)
   defining Unicode char U+00A7 (decimal 167)
   defining Unicode char U+00A8 (decimal 168)
   defining Unicode char U+00A9 (decimal 169)
   defining Unicode char U+00AA (decimal 170)
   defining Unicode char U+00AC (decimal 172)
   defining Unicode char U+00AE (decimal 174)
   defining Unicode char U+00AF (decimal 175)
   defining Unicode char U+00B0 (decimal 176)
   defining Unicode char U+00B1 (decimal 177)
   defining Unicode char U+00B2 (decimal 178)
   defining Unicode char U+00B3 (decimal 179)
   defining Unicode char U+00B4 (decimal 180)
   defining Unicode char U+00B5 (decimal 181)
   defining Unicode char U+00B6 (decimal 182)
   defining Unicode char U+00B7 (decimal 183)
   defining Unicode char U+00B9 (decimal 185)
   defining Unicode char U+00BA (decimal 186)
   defining Unicode char U+00BC (decimal 188)
   defining Unicode char U+00BD (decimal 189)
   defining Unicode char U+00BE (decimal 190)
   defining Unicode char U+00D7 (decimal 215)
   defining Unicode char U+00F7 (decimal 247)
   defining Unicode char U+0192 (decimal 402)
   defining Unicode char U+02C7 (decimal 711)
   defining Unicode char U+02D8 (decimal 728)
   defining Unicode char U+02DD (decimal 733)
   defining Unicode char U+0E3F (decimal 3647)
   defining Unicode char U+2016 (decimal 8214)
   defining Unicode char U+2020 (decimal 8224)
   defining Unicode char U+2021 (decimal 8225)
   defining Unicode char U+2022 (decimal 8226)
   defining Unicode char U+2030 (decimal 8240)
   defining Unicode char U+2031 (decimal 8241)
   defining Unicode char U+203B (decimal 8251)
   defining Unicode char U+203D (decimal 8253)
   defining Unicode char U+2044 (decimal 8260)
   defining Unicode char U+204E (decimal 8270)
   defining Unicode char U+2052 (decimal 8274)
   defining Unicode char U+20A1 (decimal 8353)
   defining Unicode char U+20A4 (decimal 8356)
   defining Unicode char U+20A6 (decimal 8358)
   defining Unicode char U+20A9 (decimal 8361)
   defining Unicode char U+20AB (decimal 8363)
   defining Unicode char U+20AC (decimal 8364)
   defining Unicode char U+20B1 (decimal 8369)
   defining Unicode char U+2103 (decimal 8451)
   defining Unicode char U+2116 (decimal 8470)
   defining Unicode char U+2117 (decimal 8471)
   defining Unicode char U+211E (decimal 8478)
   defining Unicode char U+2120 (decimal 8480)
   defining Unicode char U+2122 (decimal 8482)
   defining Unicode char U+2126 (decimal 8486)
   defining Unicode char U+2127 (decimal 8487)
   defining Unicode char U+212E (decimal 8494)
   defining Unicode char U+2190 (decimal 8592)
   defining Unicode char U+2191 (decimal 8593)
   defining Unicode char U+2192 (decimal 8594)
   defining Unicode char U+2193 (decimal 8595)
   defining Unicode char U+2329 (decimal 9001)
   defining Unicode char U+232A (decimal 9002)
   defining Unicode char U+2422 (decimal 9250)
   defining Unicode char U+25E6 (decimal 9702)
   defining Unicode char U+25EF (decimal 9711)
   defining Unicode char U+266A (decimal 9834)
   defining Unicode char U+FEFF (decimal 65279)
))
LaTeX Info: Redefining \oldstylenums on input line 334.
Package textcomp Info: Setting cmr sub-encoding to TS1/0 on input line 349.
Package textcomp Info: Setting cmss sub-encoding to TS1/0 on input line 350.
Package textcomp Info: Setting cmtt sub-encoding to TS1/0 on input line 351.
Package textcomp Info: Setting cmvtt sub-encoding to TS1/0 on input line 352.
Package textcomp Info: Setting cmbr sub-encoding to TS1/0 on input line 353.
Package textcomp Info: Setting cmtl sub-encoding to TS1/0 on input line 354.
Package textcomp Info: Setting ccr sub-encoding to TS1/0 on input line 355.
Package textcomp Info: Setting ptm sub-encoding to TS1/4 on input line 356.
Package textcomp Info: Setting pcr sub-encoding to TS1/4 on input line 357.
Package textcomp Info: Setting phv sub-encoding to TS1/4 on input line 358.
Package textcomp Info: Setting ppl sub-encoding to TS1/3 on input line 359.
Package textcomp Info: Setting pag sub-encoding to TS1/4 on input line 360.
Package textcomp Info: Setting pbk sub-encoding to TS1/4 on input line 361.
Package textcomp Info: Setting pnc sub-encoding to TS1/4 on input line 362.
Package textcomp Info: Setting pzc sub-encoding to TS1/4 on input line 363.
Package textcomp Info: Setting bch sub-encoding to TS1/4 on input line 364.
Package textcomp Info: Setting put sub-encoding to TS1/5 on input line 365.
Package textcomp Info: Setting uag sub-encoding to TS1/5 on input line 366.
Package textcomp Info: Setting ugq sub-encoding to TS1/5 on input line 367.
Package textcomp Info: Setting ul8 sub-encoding to TS1/4 on input line 368.
Package textcomp Info: Setting ul9 sub-encoding to TS1/4 on input line 369.
Package textcomp Info: Setting augie sub-encoding to TS1/5 on input line 370.
Package textcomp Info: Setting dayrom sub-encoding to TS1/3 on input line 371.
Package textcomp Info: Setting dayroms sub-encoding to TS1/3 on input line 372.

Package textcomp Info: Setting pxr sub-encoding to TS1/0 on input line 373.
Package textcomp Info: Setting pxss sub-encoding to TS1/0 on input line 374.
Package textcomp Info: Setting pxtt sub-encoding to TS1/0 on input line 375.
Package textcomp Info: Setting txr sub-encoding to TS1/0 on input line 376.
Package textcomp Info: Setting txss sub-encoding to TS1/0 on input line 377.
Package textcomp Info: Setting txtt sub-encoding to TS1/0 on input line 378.
Package textcomp Info: Setting lmr sub-encoding to TS1/0 on input line 379.
Package textcomp Info: Setting lmdh sub-encoding to TS1/0 on input line 380.
Package textcomp Info: Setting lmss sub-encoding to TS1/0 on input line 381.
Package textcomp Info: Setting lmssq sub-encoding to TS1/0 on input line 382.
Package textcomp Info: Setting lmvtt sub-encoding to TS1/0 on input line 383.
Package textcomp Info: Setting lmtt sub-encoding to TS1/0 on input line 384.
Package textcomp Info: Setting qhv sub-encoding to TS1/0 on input line 385.
Package textcomp Info: Setting qag sub-encoding to TS1/0 on input line 386.
Package textcomp Info: Setting qbk sub-encoding to TS1/0 on input line 387.
Package textcomp Info: Setting qcr sub-encoding to TS1/0 on input line 388.
Package textcomp Info: Setting qcs sub-encoding to TS1/0 on input line 389.
Package textcomp Info: Setting qpl sub-encoding to TS1/0 on input line 390.
Package textcomp Info: Setting qtm sub-encoding to TS1/0 on input line 391.
Package textcomp Info: Setting qzc sub-encoding to TS1/0 on input line 392.
Package textcomp Info: Setting qhvc sub-encoding to TS1/0 on input line 393.
Package textcomp Info: Setting futs sub-encoding to TS1/4 on input line 394.
Package textcomp Info: Setting futx sub-encoding to TS1/4 on input line 395.
Package textcomp Info: Setting futj sub-encoding to TS1/4 on input line 396.
Package textcomp Info: Setting hlh sub-encoding to TS1/3 on input line 397.
Package textcomp Info: Setting hls sub-encoding to TS1/3 on input line 398.
Package textcomp Info: Setting hlst sub-encoding to TS1/3 on input line 399.
Package textcomp Info: Setting hlct sub-encoding to TS1/5 on input line 400.
Package textcomp Info: Setting hlx sub-encoding to TS1/5 on input line 401.
Package textcomp Info: Setting hlce sub-encoding to TS1/5 on input line 402.
Package textcomp Info: Setting hlcn sub-encoding to TS1/5 on input line 403.
Package textcomp Info: Setting hlcw sub-encoding to TS1/5 on input line 404.
Package textcomp Info: Setting hlcf sub-encoding to TS1/5 on input line 405.
Package textcomp Info: Setting pplx sub-encoding to TS1/3 on input line 406.
Package textcomp Info: Setting pplj sub-encoding to TS1/3 on input line 407.
Package textcomp Info: Setting ptmx sub-encoding to TS1/4 on input line 408.
Package textcomp Info: Setting ptmj sub-encoding to TS1/4 on input line 409.
)
(/usr/local/texlive/2018/texmf-dist/tex/latex/lastpage/lastpage.sty
Package: lastpage 2015/03/29 v1.2m Refers to last page's name (HMM; JPG)
)
(/usr/local/texlive/2018/texmf-dist/tex/latex/geometry/geometry.sty
Package: geometry 2018/03/24 v5.7 Page Geometry

(/usr/local/texlive/2018/texmf-dist/tex/latex/graphics/keyval.sty
Package: keyval 2014/10/28 v1.15 key=value parser (DPC)
\KV@toks@=\toks16
)
(/usr/local/texlive/2018/texmf-dist/tex/generic/oberdiek/ifpdf.sty
Package: ifpdf 2017/03/15 v3.2 Provides the ifpdf switch
)
(/usr/local/texlive/2018/texmf-dist/tex/generic/oberdiek/ifvtex.sty
Package: ifvtex 2016/05/16 v1.6 Detect VTeX and its facilities (HO)
Package ifvtex Info: VTeX not detected.
)
(/usr/local/texlive/2018/texmf-dist/tex/generic/ifxetex/ifxetex.sty
Package: ifxetex 2010/09/12 v0.6 Provides ifxetex conditional
)
\Gm@cnth=\count88
\Gm@cntv=\count89
\c@Gm@tempcnt=\count90
\Gm@bindingoffset=\dimen103
\Gm@wd@mp=\dimen104
\Gm@odd@mp=\dimen105
\Gm@even@mp=\dimen106
\Gm@layoutwidth=\dimen107
\Gm@layoutheight=\dimen108
\Gm@layouthoffset=\dimen109
\Gm@layoutvoffset=\dimen110
\Gm@dimlist=\toks17
)
(/usr/local/texlive/2018/texmf-dist/tex/latex/ms/ragged2e.sty
Package: ragged2e 2009/05/21 v2.1 ragged2e Package (MS)

(/usr/local/texlive/2018/texmf-dist/tex/latex/ms/everysel.sty
Package: everysel 2011/10/28 v1.2 EverySelectfont Package (MS)
)
\CenteringLeftskip=\skip43
\RaggedLeftLeftskip=\skip44
\RaggedRightLeftskip=\skip45
\CenteringRightskip=\skip46
\RaggedLeftRightskip=\skip47
\RaggedRightRightskip=\skip48
\CenteringParfillskip=\skip49
\RaggedLeftParfillskip=\skip50
\RaggedRightParfillskip=\skip51
\JustifyingParfillskip=\skip52
\CenteringParindent=\skip53
\RaggedLeftParindent=\skip54
\RaggedRightParindent=\skip55
\JustifyingParindent=\skip56
)
(/usr/local/texlive/2018/texmf-dist/tex/latex/amsmath/amsmath.sty
Package: amsmath 2017/09/02 v2.17a AMS math features
\@mathmargin=\skip57

For additional information on amsmath, use the `?' option.
(/usr/local/texlive/2018/texmf-dist/tex/latex/amsmath/amstext.sty
Package: amstext 2000/06/29 v2.01 AMS text

(/usr/local/texlive/2018/texmf-dist/tex/latex/amsmath/amsgen.sty
File: amsgen.sty 1999/11/30 v2.0 generic functions
\@emptytoks=\toks18
\ex@=\dimen111
))
(/usr/local/texlive/2018/texmf-dist/tex/latex/amsmath/amsbsy.sty
Package: amsbsy 1999/11/29 v1.2d Bold Symbols
\pmbraise@=\dimen112
)
(/usr/local/texlive/2018/texmf-dist/tex/latex/amsmath/amsopn.sty
Package: amsopn 2016/03/08 v2.02 operator names
)
\inf@bad=\count91
LaTeX Info: Redefining \frac on input line 213.
\uproot@=\count92
\leftroot@=\count93
LaTeX Info: Redefining \overline on input line 375.
\classnum@=\count94
\DOTSCASE@=\count95
LaTeX Info: Redefining \ldots on input line 472.
LaTeX Info: Redefining \dots on input line 475.
LaTeX Info: Redefining \cdots on input line 596.
\Mathstrutbox@=\box26
\strutbox@=\box27
\big@size=\dimen113
LaTeX Font Info:    Redeclaring font encoding OML on input line 712.
LaTeX Font Info:    Redeclaring font encoding OMS on input line 713.
\macc@depth=\count96
\c@MaxMatrixCols=\count97
\dotsspace@=\muskip10
\c@parentequation=\count98
\dspbrk@lvl=\count99
\tag@help=\toks19
\row@=\count100
\column@=\count101
\maxfields@=\count102
\andhelp@=\toks20
\eqnshift@=\dimen114
\alignsep@=\dimen115
\tagshift@=\dimen116
\tagwidth@=\dimen117
\totwidth@=\dimen118
\lineht@=\dimen119
\@envbody=\toks21
\multlinegap=\skip58
\multlinetaggap=\skip59
\mathdisplay@stack=\toks22
LaTeX Info: Redefining \[ on input line 2817.
LaTeX Info: Redefining \] on input line 2818.
)
(./Equations.aux)
\openout1 = `Equations.aux'.

LaTeX Font Info:    Checking defaults for OML/cmm/m/it on input line 14.
LaTeX Font Info:    ... okay on input line 14.
LaTeX Font Info:    Checking defaults for T1/cmr/m/n on input line 14.
LaTeX Font Info:    ... okay on input line 14.
LaTeX Font Info:    Checking defaults for OT1/cmr/m/n on input line 14.
LaTeX Font Info:    ... okay on input line 14.
LaTeX Font Info:    Checking defaults for OMS/cmsy/m/n on input line 14.
LaTeX Font Info:    ... okay on input line 14.
LaTeX Font Info:    Checking defaults for OMX/cmex/m/n on input line 14.
LaTeX Font Info:    ... okay on input line 14.
LaTeX Font Info:    Checking defaults for U/cmr/m/n on input line 14.
LaTeX Font Info:    ... okay on input line 14.
LaTeX Font Info:    Checking defaults for TS1/cmr/m/n on input line 14.
LaTeX Font Info:    Try loading font information for TS1+cmr on input line 14.
 (/usr/local/texlive/2018/texmf-dist/tex/latex/base/ts1cmr.fd
File: ts1cmr.fd 2014/09/29 v2.5h Standard LaTeX font definitions
)
LaTeX Font Info:    ... okay on input line 14.
LaTeX Font Info:    Try loading font information for T1+lmr on input line 14.
(/usr/local/texlive/2018/texmf-dist/tex/latex/lm/t1lmr.fd
File: t1lmr.fd 2009/10/30 v1.6 Font defs for Latin Modern
)
Package lastpage Info: Please have a look at the pageslts package at
(lastpage)             https://www.ctan.org/pkg/pageslts
(lastpage)             ! on input line 14.

*geometry* driver: auto-detecting
*geometry* detected driver: pdftex
*geometry* verbose mode - [ preamble ] result:
* driver: pdftex
* paper: <default>
* layout: <same size as paper>
* layoutoffset:(h,v)=(0.0pt,0.0pt)
* modes: 
* h-part:(L,W,R)=(85.35826pt, 443.57848pt, 85.35826pt)
* v-part:(T,H,B)=(95.39737pt, 628.44073pt, 71.13188pt)
* \paperwidth=614.295pt
* \paperheight=794.96999pt
* \textwidth=443.57848pt
* \textheight=628.44073pt
* \oddsidemargin=13.08827pt
* \evensidemargin=13.08827pt
* \topmargin=-73.0045pt
* \headheight=71.13188pt
* \headsep=25.0pt
* \topskip=10.0pt
* \footskip=30.0pt
* \marginparwidth=65.0pt
* \marginparsep=11.0pt
* \columnsep=10.0pt
* \skip\footins=9.0pt plus 4.0pt minus 2.0pt
* \hoffset=0.0pt
* \voffset=0.0pt
* \mag=1000
* \@twocolumnfalse
* \@twosidefalse
* \@mparswitchfalse
* \@reversemarginfalse
* (1in=72.27pt=25.4mm, 1cm=28.453pt)

ABD: EverySelectfont initializing macros
LaTeX Info: Redefining \selectfont on input line 14.
LaTeX Font Info:    Try loading font information for OT1+lmr on input line 32.

(/usr/local/texlive/2018/texmf-dist/tex/latex/lm/ot1lmr.fd
File: ot1lmr.fd 2009/10/30 v1.6 Font defs for Latin Modern
)
LaTeX Font Info:    Try loading font information for OML+lmm on input line 32.

(/usr/local/texlive/2018/texmf-dist/tex/latex/lm/omllmm.fd
File: omllmm.fd 2009/10/30 v1.6 Font defs for Latin Modern
)
LaTeX Font Info:    Try loading font information for OMS+lmsy on input line 32.


(/usr/local/texlive/2018/texmf-dist/tex/latex/lm/omslmsy.fd
File: omslmsy.fd 2009/10/30 v1.6 Font defs for Latin Modern
)
LaTeX Font Info:    Try loading font information for OMX+lmex on input line 32.


(/usr/local/texlive/2018/texmf-dist/tex/latex/lm/omxlmex.fd
File: omxlmex.fd 2009/10/30 v1.6 Font defs for Latin Modern
)
LaTeX Font Info:    External font `lmex10' loaded for size
(Font)              <10> on input line 32.
LaTeX Font Info:    External font `lmex10' loaded for size
(Font)              <7> on input line 32.
LaTeX Font Info:    External font `lmex10' loaded for size
(Font)              <5> on input line 32.

! Double subscript.
<argument> ...= -\mu _{} * S_{} + \mu _{} * R_{1}_
                                                  {} \mu _{} * R_{2}_{} \mu ...
l.34 \end{alignat*}
                   %
I treat `x_1_2' essentially like `x_1{}_2'.

! Double subscript.
<argument> ... \mu _{} * R_{1}_{} \mu _{} * R_{2}_
                                                  {} \mu _{} * R_{3}_{}
l.34 \end{alignat*}
                   %
I treat `x_1_2' essentially like `x_1{}_2'.

! Double subscript.
<argument> ... \mu _{} * R_{2}_{} \mu _{} * R_{3}_
                                                  {}
l.34 \end{alignat*}
                   %
I treat `x_1_2' essentially like `x_1{}_2'.

! Double subscript.
<argument> ...= -\mu _{} * S_{} + \mu _{} * R_{1}_
                                                  {} \mu _{} * R_{2}_{} \mu ...
l.34 \end{alignat*}
                   %
I treat `x_1_2' essentially like `x_1{}_2'.

! Double subscript.
<argument> ... \mu _{} * R_{1}_{} \mu _{} * R_{2}_
                                                  {} \mu _{} * R_{3}_{}
l.34 \end{alignat*}
                   %
I treat `x_1_2' essentially like `x_1{}_2'.

! Double subscript.
<argument> ... \mu _{} * R_{2}_{} \mu _{} * R_{3}_
                                                  {}
l.34 \end{alignat*}
                   %
I treat `x_1_2' essentially like `x_1{}_2'.

! Double subscript.
<argument> ...c {dE_{1}}{dt} &= -\nu _{1} * E_{1}_
                                                  {1} +
l.37 \end{alignat*}
                   %
I treat `x_1_2' essentially like `x_1{}_2'.

! Double subscript.
<argument> ...c {dE_{1}}{dt} &= -\nu _{1} * E_{1}_
                                                  {1} +
l.37 \end{alignat*}
                   %
I treat `x_1_2' essentially like `x_1{}_2'.

! Double subscript.
<argument> ...c {dE_{2}}{dt} &= -\nu _{2} * E_{2}_
                                                  {2} +
l.40 \end{alignat*}
                   %
I treat `x_1_2' essentially like `x_1{}_2'.

! Double subscript.
<argument> ...c {dE_{2}}{dt} &= -\nu _{2} * E_{2}_
                                                  {2} +
l.40 \end{alignat*}
                   %
I treat `x_1_2' essentially like `x_1{}_2'.

! Double subscript.
<argument> ...c {dE_{3}}{dt} &= -\nu _{3} * E_{3}_
                                                  {3} +
l.43 \end{alignat*}
                   %
I treat `x_1_2' essentially like `x_1{}_2'.

! Double subscript.
<argument> ...c {dE_{3}}{dt} &= -\nu _{3} * E_{3}_
                                                  {3} +
l.43 \end{alignat*}
                   %
I treat `x_1_2' essentially like `x_1{}_2'.

! Double subscript.
<argument> dI_{pre}_
                    {1}_
l.46 \end{alignat*}
                   %
I treat `x_1_2' essentially like `x_1{}_2'.

! Double subscript.
<argument> dI_{pre}_{1}_
                        
l.46 \end{alignat*}
                   %
I treat `x_1_2' essentially like `x_1{}_2'.

! Missing { inserted.
<to be read again> 
                   \endgroup 
l.46 \end{alignat*}
                   %
A left brace was mandatory here, so I've put one in.
You might want to delete and/or insert some corrections
so that I will find a matching right brace soon.
(If you're confused by all this, try typing `I}' now.)

! Missing } inserted.
<inserted text> 
                }
l.46 \end{alignat*}
                   %
I've inserted something that you may have forgotten.
(See the <inserted text> above.)
With luck, this will get me unwedged. But if you
really didn't forget anything, try typing `2' now; then
my insertion and my current dilemma will both disappear.

! Double subscript.
<argument> ...{1}_}{dt} &= -\gamma _{1} * I_{pre}_
                                                  {1}_{1} + \gamma _{1} * E_...
l.46 \end{alignat*}
                   %
I treat `x_1_2' essentially like `x_1{}_2'.

! Double subscript.
<argument> ...}{dt} &= -\gamma _{1} * I_{pre}_{1}_
                                                  {1} + \gamma _{1} * E_{1}_{1}
l.46 \end{alignat*}
                   %
I treat `x_1_2' essentially like `x_1{}_2'.

! Double subscript.
<argument> ...{pre}_{1}_{1} + \gamma _{1} * E_{1}_
                                                  {1}
l.46 \end{alignat*}
                   %
I treat `x_1_2' essentially like `x_1{}_2'.

! Double subscript.
<argument> dI_{pre}_
                    {1}_
l.46 \end{alignat*}
                   %
I treat `x_1_2' essentially like `x_1{}_2'.

! Double subscript.
<argument> dI_{pre}_{1}_
                        
l.46 \end{alignat*}
                   %
I treat `x_1_2' essentially like `x_1{}_2'.

! Missing { inserted.
<to be read again> 
                   \endgroup 
l.46 \end{alignat*}
                   %
A left brace was mandatory here, so I've put one in.
You might want to delete and/or insert some corrections
so that I will find a matching right brace soon.
(If you're confused by all this, try typing `I}' now.)

! Missing } inserted.
<inserted text> 
                }
l.46 \end{alignat*}
                   %
I've inserted something that you may have forgotten.
(See the <inserted text> above.)
With luck, this will get me unwedged. But if you
really didn't forget anything, try typing `2' now; then
my insertion and my current dilemma will both disappear.

! Double subscript.
<argument> ...{1}_}{dt} &= -\gamma _{1} * I_{pre}_
                                                  {1}_{1} + \gamma _{1} * E_...
l.46 \end{alignat*}
                   %
I treat `x_1_2' essentially like `x_1{}_2'.

! Double subscript.
<argument> ...}{dt} &= -\gamma _{1} * I_{pre}_{1}_
                                                  {1} + \gamma _{1} * E_{1}_{1}
l.46 \end{alignat*}
                   %
I treat `x_1_2' essentially like `x_1{}_2'.

! Double subscript.
<argument> ...{pre}_{1}_{1} + \gamma _{1} * E_{1}_
                                                  {1}
l.46 \end{alignat*}
                   %
I treat `x_1_2' essentially like `x_1{}_2'.

! Double subscript.
<argument> dI_{pre}_
                    {2}_
l.49 \end{alignat*}
                   %
I treat `x_1_2' essentially like `x_1{}_2'.

! Double subscript.
<argument> dI_{pre}_{2}_
                        
l.49 \end{alignat*}
                   %
I treat `x_1_2' essentially like `x_1{}_2'.

! Missing { inserted.
<to be read again> 
                   \endgroup 
l.49 \end{alignat*}
                   %
A left brace was mandatory here, so I've put one in.
You might want to delete and/or insert some corrections
so that I will find a matching right brace soon.
(If you're confused by all this, try typing `I}' now.)

! Missing } inserted.
<inserted text> 
                }
l.49 \end{alignat*}
                   %
I've inserted something that you may have forgotten.
(See the <inserted text> above.)
With luck, this will get me unwedged. But if you
really didn't forget anything, try typing `2' now; then
my insertion and my current dilemma will both disappear.

! Double subscript.
<argument> ...{2}_}{dt} &= -\gamma _{2} * I_{pre}_
                                                  {2}_{2} + \gamma _{2} * E_...
l.49 \end{alignat*}
                   %
I treat `x_1_2' essentially like `x_1{}_2'.

! Double subscript.
<argument> ...}{dt} &= -\gamma _{2} * I_{pre}_{2}_
                                                  {2} + \gamma _{2} * E_{2}_{2}
l.49 \end{alignat*}
                   %
I treat `x_1_2' essentially like `x_1{}_2'.

! Double subscript.
<argument> ...{pre}_{2}_{2} + \gamma _{2} * E_{2}_
                                                  {2}
l.49 \end{alignat*}
                   %
I treat `x_1_2' essentially like `x_1{}_2'.

! Double subscript.
<argument> dI_{pre}_
                    {2}_
l.49 \end{alignat*}
                   %
I treat `x_1_2' essentially like `x_1{}_2'.

! Double subscript.
<argument> dI_{pre}_{2}_
                        
l.49 \end{alignat*}
                   %
I treat `x_1_2' essentially like `x_1{}_2'.

! Missing { inserted.
<to be read again> 
                   \endgroup 
l.49 \end{alignat*}
                   %
A left brace was mandatory here, so I've put one in.
You might want to delete and/or insert some corrections
so that I will find a matching right brace soon.
(If you're confused by all this, try typing `I}' now.)

! Missing } inserted.
<inserted text> 
                }
l.49 \end{alignat*}
                   %
I've inserted something that you may have forgotten.
(See the <inserted text> above.)
With luck, this will get me unwedged. But if you
really didn't forget anything, try typing `2' now; then
my insertion and my current dilemma will both disappear.

! Double subscript.
<argument> ...{2}_}{dt} &= -\gamma _{2} * I_{pre}_
                                                  {2}_{2} + \gamma _{2} * E_...
l.49 \end{alignat*}
                   %
I treat `x_1_2' essentially like `x_1{}_2'.

! Double subscript.
<argument> ...}{dt} &= -\gamma _{2} * I_{pre}_{2}_
                                                  {2} + \gamma _{2} * E_{2}_{2}
l.49 \end{alignat*}
                   %
I treat `x_1_2' essentially like `x_1{}_2'.

! Double subscript.
<argument> ...{pre}_{2}_{2} + \gamma _{2} * E_{2}_
                                                  {2}
l.49 \end{alignat*}
                   %
I treat `x_1_2' essentially like `x_1{}_2'.

! Double subscript.
<argument> dI_{pre}_
                    {3}_
l.52 \end{alignat*}
                   %
I treat `x_1_2' essentially like `x_1{}_2'.

! Double subscript.
<argument> dI_{pre}_{3}_
                        
l.52 \end{alignat*}
                   %
I treat `x_1_2' essentially like `x_1{}_2'.

! Missing { inserted.
<to be read again> 
                   \endgroup 
l.52 \end{alignat*}
                   %
A left brace was mandatory here, so I've put one in.
You might want to delete and/or insert some corrections
so that I will find a matching right brace soon.
(If you're confused by all this, try typing `I}' now.)

! Missing } inserted.
<inserted text> 
                }
l.52 \end{alignat*}
                   %
I've inserted something that you may have forgotten.
(See the <inserted text> above.)
With luck, this will get me unwedged. But if you
really didn't forget anything, try typing `2' now; then
my insertion and my current dilemma will both disappear.

! Double subscript.
<argument> ...{3}_}{dt} &= -\gamma _{3} * I_{pre}_
                                                  {3}_{3} + \gamma _{3} * E_...
l.52 \end{alignat*}
                   %
I treat `x_1_2' essentially like `x_1{}_2'.

! Double subscript.
<argument> ...}{dt} &= -\gamma _{3} * I_{pre}_{3}_
                                                  {3} + \gamma _{3} * E_{3}_{3}
l.52 \end{alignat*}
                   %
I treat `x_1_2' essentially like `x_1{}_2'.

! Double subscript.
<argument> ...{pre}_{3}_{3} + \gamma _{3} * E_{3}_
                                                  {3}
l.52 \end{alignat*}
                   %
I treat `x_1_2' essentially like `x_1{}_2'.

! Double subscript.
<argument> dI_{pre}_
                    {3}_
l.52 \end{alignat*}
                   %
I treat `x_1_2' essentially like `x_1{}_2'.

! Double subscript.
<argument> dI_{pre}_{3}_
                        
l.52 \end{alignat*}
                   %
I treat `x_1_2' essentially like `x_1{}_2'.

! Missing { inserted.
<to be read again> 
                   \endgroup 
l.52 \end{alignat*}
                   %
A left brace was mandatory here, so I've put one in.
You might want to delete and/or insert some corrections
so that I will find a matching right brace soon.
(If you're confused by all this, try typing `I}' now.)

! Missing } inserted.
<inserted text> 
                }
l.52 \end{alignat*}
                   %
I've inserted something that you may have forgotten.
(See the <inserted text> above.)
With luck, this will get me unwedged. But if you
really didn't forget anything, try typing `2' now; then
my insertion and my current dilemma will both disappear.

! Double subscript.
<argument> ...{3}_}{dt} &= -\gamma _{3} * I_{pre}_
                                                  {3}_{3} + \gamma _{3} * E_...
l.52 \end{alignat*}
                   %
I treat `x_1_2' essentially like `x_1{}_2'.

! Double subscript.
<argument> ...}{dt} &= -\gamma _{3} * I_{pre}_{3}_
                                                  {3} + \gamma _{3} * E_{3}_{3}
l.52 \end{alignat*}
                   %
I treat `x_1_2' essentially like `x_1{}_2'.

! Double subscript.
<argument> ...{pre}_{3}_{3} + \gamma _{3} * E_{3}_
                                                  {3}
l.52 \end{alignat*}
                   %
I treat `x_1_2' essentially like `x_1{}_2'.

! Double subscript.
<argument> dI_{symp}_
                     {s}_
l.55 \end{alignat*}
                   %
I treat `x_1_2' essentially like `x_1{}_2'.

! Double subscript.
<argument> dI_{symp}_{s}_
                         
l.55 \end{alignat*}
                   %
I treat `x_1_2' essentially like `x_1{}_2'.

! Missing { inserted.
<to be read again> 
                   \endgroup 
l.55 \end{alignat*}
                   %
A left brace was mandatory here, so I've put one in.
You might want to delete and/or insert some corrections
so that I will find a matching right brace soon.
(If you're confused by all this, try typing `I}' now.)

! Missing } inserted.
<inserted text> 
                }
l.55 \end{alignat*}
                   %
I've inserted something that you may have forgotten.
(See the <inserted text> above.)
With luck, this will get me unwedged. But if you
really didn't forget anything, try typing `2' now; then
my insertion and my current dilemma will both disappear.

! Double subscript.
<argument> ...s}_}{dt} &= -\gamma _{1} * I_{symp}_
                                                  {s}_{1} + \gamma _{1} * I_...
l.55 \end{alignat*}
                   %
I treat `x_1_2' essentially like `x_1{}_2'.

! Double subscript.
<argument> ...{dt} &= -\gamma _{1} * I_{symp}_{s}_
                                                  {1} + \gamma _{1} * I_{pre...
l.55 \end{alignat*}
                   %
I treat `x_1_2' essentially like `x_1{}_2'.

! Double subscript.
<argument> ...mp}_{s}_{1} + \gamma _{1} * I_{pre}_
                                                  {1}_{1} -\gamma _{2} * I_{...
l.55 \end{alignat*}
                   %
I treat `x_1_2' essentially like `x_1{}_2'.

! Double subscript.
<argument> ...{s}_{1} + \gamma _{1} * I_{pre}_{1}_
                                                  {1} -\gamma _{2} * I_{symp...
l.55 \end{alignat*}
                   %
I treat `x_1_2' essentially like `x_1{}_2'.

! Double subscript.
<argument> ...re}_{1}_{1} -\gamma _{2} * I_{symp}_
                                                  {s}_{2} + \gamma _{2} * I_...
l.55 \end{alignat*}
                   %
I treat `x_1_2' essentially like `x_1{}_2'.

! Double subscript.
<argument> ...{1}_{1} -\gamma _{2} * I_{symp}_{s}_
                                                  {2} + \gamma _{2} * I_{pre...
l.55 \end{alignat*}
                   %
I treat `x_1_2' essentially like `x_1{}_2'.

! Double subscript.
<argument> ...mp}_{s}_{2} + \gamma _{2} * I_{pre}_
                                                  {2}_{2} -\gamma _{3} * I_{...
l.55 \end{alignat*}
                   %
I treat `x_1_2' essentially like `x_1{}_2'.

! Double subscript.
<argument> ...{s}_{2} + \gamma _{2} * I_{pre}_{2}_
                                                  {2} -\gamma _{3} * I_{symp...
l.55 \end{alignat*}
                   %
I treat `x_1_2' essentially like `x_1{}_2'.

! Double subscript.
<argument> ...re}_{2}_{2} -\gamma _{3} * I_{symp}_
                                                  {s}_{3} + \gamma _{3} * I_...
l.55 \end{alignat*}
                   %
I treat `x_1_2' essentially like `x_1{}_2'.

! Double subscript.
<argument> ...{2}_{2} -\gamma _{3} * I_{symp}_{s}_
                                                  {3} + \gamma _{3} * I_{pre...
l.55 \end{alignat*}
                   %
I treat `x_1_2' essentially like `x_1{}_2'.

! Double subscript.
<argument> ...mp}_{s}_{3} + \gamma _{3} * I_{pre}_
                                                  {3}_{3}
l.55 \end{alignat*}
                   %
I treat `x_1_2' essentially like `x_1{}_2'.

! Double subscript.
<argument> ...{s}_{3} + \gamma _{3} * I_{pre}_{3}_
                                                  {3}
l.55 \end{alignat*}
                   %
I treat `x_1_2' essentially like `x_1{}_2'.

! Double subscript.
<argument> dI_{symp}_
                     {s}_
l.55 \end{alignat*}
                   %
I treat `x_1_2' essentially like `x_1{}_2'.

! Double subscript.
<argument> dI_{symp}_{s}_
                         
l.55 \end{alignat*}
                   %
I treat `x_1_2' essentially like `x_1{}_2'.

! Missing { inserted.
<to be read again> 
                   \endgroup 
l.55 \end{alignat*}
                   %
A left brace was mandatory here, so I've put one in.
You might want to delete and/or insert some corrections
so that I will find a matching right brace soon.
(If you're confused by all this, try typing `I}' now.)

! Missing } inserted.
<inserted text> 
                }
l.55 \end{alignat*}
                   %
I've inserted something that you may have forgotten.
(See the <inserted text> above.)
With luck, this will get me unwedged. But if you
really didn't forget anything, try typing `2' now; then
my insertion and my current dilemma will both disappear.

! Double subscript.
<argument> ...s}_}{dt} &= -\gamma _{1} * I_{symp}_
                                                  {s}_{1} + \gamma _{1} * I_...
l.55 \end{alignat*}
                   %
I treat `x_1_2' essentially like `x_1{}_2'.

! Double subscript.
<argument> ...{dt} &= -\gamma _{1} * I_{symp}_{s}_
                                                  {1} + \gamma _{1} * I_{pre...
l.55 \end{alignat*}
                   %
I treat `x_1_2' essentially like `x_1{}_2'.

! Double subscript.
<argument> ...mp}_{s}_{1} + \gamma _{1} * I_{pre}_
                                                  {1}_{1} -\gamma _{2} * I_{...
l.55 \end{alignat*}
                   %
I treat `x_1_2' essentially like `x_1{}_2'.

! Double subscript.
<argument> ...{s}_{1} + \gamma _{1} * I_{pre}_{1}_
                                                  {1} -\gamma _{2} * I_{symp...
l.55 \end{alignat*}
                   %
I treat `x_1_2' essentially like `x_1{}_2'.

! Double subscript.
<argument> ...re}_{1}_{1} -\gamma _{2} * I_{symp}_
                                                  {s}_{2} + \gamma _{2} * I_...
l.55 \end{alignat*}
                   %
I treat `x_1_2' essentially like `x_1{}_2'.

! Double subscript.
<argument> ...{1}_{1} -\gamma _{2} * I_{symp}_{s}_
                                                  {2} + \gamma _{2} * I_{pre...
l.55 \end{alignat*}
                   %
I treat `x_1_2' essentially like `x_1{}_2'.

! Double subscript.
<argument> ...mp}_{s}_{2} + \gamma _{2} * I_{pre}_
                                                  {2}_{2} -\gamma _{3} * I_{...
l.55 \end{alignat*}
                   %
I treat `x_1_2' essentially like `x_1{}_2'.

! Double subscript.
<argument> ...{s}_{2} + \gamma _{2} * I_{pre}_{2}_
                                                  {2} -\gamma _{3} * I_{symp...
l.55 \end{alignat*}
                   %
I treat `x_1_2' essentially like `x_1{}_2'.

! Double subscript.
<argument> ...re}_{2}_{2} -\gamma _{3} * I_{symp}_
                                                  {s}_{3} + \gamma _{3} * I_...
l.55 \end{alignat*}
                   %
I treat `x_1_2' essentially like `x_1{}_2'.

! Double subscript.
<argument> ...{2}_{2} -\gamma _{3} * I_{symp}_{s}_
                                                  {3} + \gamma _{3} * I_{pre...
l.55 \end{alignat*}
                   %
I treat `x_1_2' essentially like `x_1{}_2'.

! Double subscript.
<argument> ...mp}_{s}_{3} + \gamma _{3} * I_{pre}_
                                                  {3}_{3}
l.55 \end{alignat*}
                   %
I treat `x_1_2' essentially like `x_1{}_2'.

! Double subscript.
<argument> ...{s}_{3} + \gamma _{3} * I_{pre}_{3}_
                                                  {3}
l.55 \end{alignat*}
                   %
I treat `x_1_2' essentially like `x_1{}_2'.

! Double subscript.
<argument> dI_{symp}_
                     {m}_
l.58 \end{alignat*}
                   %
I treat `x_1_2' essentially like `x_1{}_2'.

! Double subscript.
<argument> dI_{symp}_{m}_
                         
l.58 \end{alignat*}
                   %
I treat `x_1_2' essentially like `x_1{}_2'.

! Missing { inserted.
<to be read again> 
                   \endgroup 
l.58 \end{alignat*}
                   %
A left brace was mandatory here, so I've put one in.
You might want to delete and/or insert some corrections
so that I will find a matching right brace soon.
(If you're confused by all this, try typing `I}' now.)

! Missing } inserted.
<inserted text> 
                }
l.58 \end{alignat*}
                   %
I've inserted something that you may have forgotten.
(See the <inserted text> above.)
With luck, this will get me unwedged. But if you
really didn't forget anything, try typing `2' now; then
my insertion and my current dilemma will both disappear.

! Double subscript.
<argument> ...m}_}{dt} &= -\gamma _{1} * I_{symp}_
                                                  {m}_{1} + \gamma _{1} * I_...
l.58 \end{alignat*}
                   %
I treat `x_1_2' essentially like `x_1{}_2'.

! Double subscript.
<argument> ...{dt} &= -\gamma _{1} * I_{symp}_{m}_
                                                  {1} + \gamma _{1} * I_{pre...
l.58 \end{alignat*}
                   %
I treat `x_1_2' essentially like `x_1{}_2'.

! Double subscript.
<argument> ...mp}_{m}_{1} + \gamma _{1} * I_{pre}_
                                                  {1}_{1} -\gamma _{2} * I_{...
l.58 \end{alignat*}
                   %
I treat `x_1_2' essentially like `x_1{}_2'.

! Double subscript.
<argument> ...{m}_{1} + \gamma _{1} * I_{pre}_{1}_
                                                  {1} -\gamma _{2} * I_{symp...
l.58 \end{alignat*}
                   %
I treat `x_1_2' essentially like `x_1{}_2'.

! Double subscript.
<argument> ...re}_{1}_{1} -\gamma _{2} * I_{symp}_
                                                  {m}_{2} + \gamma _{2} * I_...
l.58 \end{alignat*}
                   %
I treat `x_1_2' essentially like `x_1{}_2'.

! Double subscript.
<argument> ...{1}_{1} -\gamma _{2} * I_{symp}_{m}_
                                                  {2} + \gamma _{2} * I_{pre...
l.58 \end{alignat*}
                   %
I treat `x_1_2' essentially like `x_1{}_2'.

! Double subscript.
<argument> ...mp}_{m}_{2} + \gamma _{2} * I_{pre}_
                                                  {2}_{2} -\gamma _{3} * I_{...
l.58 \end{alignat*}
                   %
I treat `x_1_2' essentially like `x_1{}_2'.

! Double subscript.
<argument> ...{m}_{2} + \gamma _{2} * I_{pre}_{2}_
                                                  {2} -\gamma _{3} * I_{symp...
l.58 \end{alignat*}
                   %
I treat `x_1_2' essentially like `x_1{}_2'.

! Double subscript.
<argument> ...re}_{2}_{2} -\gamma _{3} * I_{symp}_
                                                  {m}_{3} + \gamma _{3} * I_...
l.58 \end{alignat*}
                   %
I treat `x_1_2' essentially like `x_1{}_2'.

! Double subscript.
<argument> ...{2}_{2} -\gamma _{3} * I_{symp}_{m}_
                                                  {3} + \gamma _{3} * I_{pre...
l.58 \end{alignat*}
                   %
(That makes 100 errors; please try again.) 
Here is how much of TeX's memory you used:
 2323 strings out of 492649
 31971 string characters out of 6129622
 97114 words of memory out of 5000000
 6197 multiletter control sequences out of 15000+600000
 27399 words of font info for 29 fonts, out of 8000000 for 9000
 1141 hyphenation exceptions out of 8191
 27i,9n,22p,322b,138s stack positions out of 5000i,500n,10000p,200000b,80000s

!  ==> Fatal error occurred, no output PDF file produced!
